2026-05-12 18:20:49,758 INFO [__main__] Initializing database.
2026-05-12 18:20:51,191 INFO [telethon.network.mtprotosender] Connecting to 149.154.167.51:443/TcpFull...
2026-05-12 18:20:51,240 INFO [telethon.network.mtprotosender] Connection to 149.154.167.51:443/TcpFull complete!
2026-05-12 18:20:51,663 INFO [src.services.telegram_sources] Telethon source client started with session rub_rate_bot.
2026-05-12 18:20:51,985 INFO [src.services.telegram_sources] Restored latest RateSnapshot id=89 from database.
2026-05-12 18:20:51,988 INFO [src.services.telegram_sources] Rate refresh started: reason=startup.
2026-05-12 18:20:52,157 INFO [src.services.telegram_sources] Nobitex source message inspected: message_id=200704 parsed=NobitexAssets(bitcoin_usd=80562, usdt_toman=180403, gold_ounce_usd=4661, oil_usd=Decimal('108.03')).
2026-05-12 18:20:52,261 INFO [src.services.telegram_sources] Rapira source message inspected: message_id=8572 parsed=76.51.
2026-05-12 18:20:52,361 INFO [src.services.telegram_sources] Rate refresh saved: reason=startup nobitex_message_id=200704 nobitex_value=180403 rapira_message_id=8572 rapira_value=76.51 display=2276.
2026-05-12 18:20:52,364 INFO [__main__] aiogram Bot and Dispatcher initialized.
2026-05-12 18:20:52,366 INFO [__main__] Starting aiogram polling and Telethon source reader.
2026-05-12 18:20:52,369 INFO [src.services.telegram_sources] Next aligned rate refresh scheduled in 262.631 seconds.
2026-05-12 18:20:52,371 INFO [aiogram.dispatcher] Start polling
2026-05-12 18:20:52,597 INFO [aiogram.dispatcher] Run polling for bot @exchange_toman_rub_bot id=8664342943 - 'exchange_toman_rub'
2026-05-12 18:21:48,544 INFO [src.services.telegram_sources] Rate refresh started: reason=user_start.
2026-05-12 18:21:48,702 INFO [src.services.telegram_sources] Nobitex source message inspected: message_id=200704 parsed=NobitexAssets(bitcoin_usd=80562, usdt_toman=180403, gold_ounce_usd=4661, oil_usd=Decimal('108.03')).
2026-05-12 18:21:48,768 INFO [src.services.telegram_sources] Rapira source message inspected: message_id=8572 parsed=76.51.
2026-05-12 18:21:48,793 INFO [src.services.telegram_sources] Rate refresh saved: reason=user_start nobitex_message_id=200704 nobitex_value=180403 rapira_message_id=8572 rapira_value=76.51 display=2276.
2026-05-12 18:21:48,996 INFO [aiogram.event] Update id=905590258 is handled. Duration 452 ms by bot id=8664342943
2026-05-12 18:21:50,135 INFO [src.services.telegram_sources] Rate refresh started: reason=manual_button.
2026-05-12 18:21:50,288 INFO [src.services.telegram_sources] Nobitex source message inspected: message_id=200704 parsed=NobitexAssets(bitcoin_usd=80562, usdt_toman=180403, gold_ounce_usd=4661, oil_usd=Decimal('108.03')).
2026-05-12 18:21:50,357 INFO [src.services.telegram_sources] Rapira source message inspected: message_id=8572 parsed=76.51.
2026-05-12 18:21:50,387 INFO [src.services.telegram_sources] Rate refresh saved: reason=manual_button nobitex_message_id=200704 nobitex_value=180403 rapira_message_id=8572 rapira_value=76.51 display=2276.
2026-05-12 18:21:50,528 INFO [aiogram.event] Update id=905590259 is handled. Duration 390 ms by bot id=8664342943
2026-05-12 18:21:51,254 INFO [src.services.telegram_sources] Rate refresh started: reason=manual_button.
2026-05-12 18:21:51,412 INFO [src.services.telegram_sources] Nobitex source message inspected: message_id=200704 parsed=NobitexAssets(bitcoin_usd=80562, usdt_toman=180403, gold_ounce_usd=4661, oil_usd=Decimal('108.03')).
2026-05-12 18:21:51,532 INFO [src.services.telegram_sources] Rapira source message inspected: message_id=8572 parsed=76.51.
2026-05-12 18:21:51,556 INFO [src.services.telegram_sources] Rate refresh saved: reason=manual_button nobitex_message_id=200704 nobitex_value=180403 rapira_message_id=8572 rapira_value=76.51 display=2276.
2026-05-12 18:21:51,714 INFO [aiogram.event] Update id=905590260 is handled. Duration 468 ms by bot id=8664342943
2026-05-12 18:22:08,597 INFO [src.services.telegram_sources] Rate refresh started: reason=user_start.
2026-05-12 18:22:08,737 INFO [src.services.telegram_sources] Nobitex source message inspected: message_id=200704 parsed=NobitexAssets(bitcoin_usd=80562, usdt_toman=180403, gold_ounce_usd=4661, oil_usd=Decimal('108.03')).
2026-05-12 18:22:08,802 INFO [src.services.telegram_sources] Rapira source message inspected: message_id=8572 parsed=76.51.
2026-05-12 18:22:08,819 INFO [src.services.telegram_sources] Rate refresh saved: reason=user_start nobitex_message_id=200704 nobitex_value=180403 rapira_message_id=8572 rapira_value=76.51 display=2276.
2026-05-12 18:22:08,898 INFO [aiogram.event] Update id=905590261 is handled. Duration 297 ms by bot id=8664342943
2026-05-12 18:22:10,005 INFO [src.services.telegram_sources] Rate refresh started: reason=manual_button.
2026-05-12 18:22:10,162 INFO [src.services.telegram_sources] Nobitex source message inspected: message_id=200704 parsed=NobitexAssets(bitcoin_usd=80562, usdt_toman=180403, gold_ounce_usd=4661, oil_usd=Decimal('108.03')).
2026-05-12 18:22:10,226 INFO [src.services.telegram_sources] Rapira source message inspected: message_id=8572 parsed=76.51.
2026-05-12 18:22:10,242 INFO [src.services.telegram_sources] Rate refresh saved: reason=manual_button nobitex_message_id=200704 nobitex_value=180403 rapira_message_id=8572 rapira_value=76.51 display=2276.
2026-05-12 18:22:10,374 INFO [aiogram.event] Update id=905590262 is handled. Duration 359 ms by bot id=8664342943
2026-05-12 18:23:48,499 INFO [src.services.telegram_sources] Rate refresh started: reason=manual_button.
2026-05-12 18:23:48,617 INFO [src.services.telegram_sources] Nobitex source message inspected: message_id=200704 parsed=NobitexAssets(bitcoin_usd=80562, usdt_toman=180403, gold_ounce_usd=4661, oil_usd=Decimal('108.03')).
2026-05-12 18:23:48,682 INFO [src.services.telegram_sources] Rapira source message inspected: message_id=8572 parsed=76.51.
2026-05-12 18:23:48,695 INFO [src.services.telegram_sources] Rate refresh saved: reason=manual_button nobitex_message_id=200704 nobitex_value=180403 rapira_message_id=8572 rapira_value=76.51 display=2276.
2026-05-12 18:23:48,831 INFO [aiogram.event] Update id=905590263 is handled. Duration 343 ms by bot id=8664342943
2026-05-12 18:23:50,103 INFO [src.services.telegram_sources] Rate refresh started: reason=manual_button.
2026-05-12 18:23:50,230 INFO [src.services.telegram_sources] Nobitex source message inspected: message_id=200704 parsed=NobitexAssets(bitcoin_usd=80562, usdt_toman=180403, gold_ounce_usd=4661, oil_usd=Decimal('108.03')).
2026-05-12 18:23:50,303 INFO [src.services.telegram_sources] Rapira source message inspected: message_id=8572 parsed=76.51.
2026-05-12 18:23:50,318 INFO [src.services.telegram_sources] Rate refresh saved: reason=manual_button nobitex_message_id=200704 nobitex_value=180403 rapira_message_id=8572 rapira_value=76.51 display=2276.
2026-05-12 18:23:50,471 INFO [aiogram.event] Update id=905590264 is handled. Duration 375 ms by bot id=8664342943
2026-05-12 18:25:15,013 INFO [src.services.telegram_sources] Rate refresh started: reason=scheduled_aligned_5min.
2026-05-12 18:25:15,159 INFO [src.services.telegram_sources] Nobitex source message inspected: message_id=200704 parsed=NobitexAssets(bitcoin_usd=80562, usdt_toman=180403, gold_ounce_usd=4661, oil_usd=Decimal('108.03')).
2026-05-12 18:25:15,224 INFO [src.services.telegram_sources] Rapira source message inspected: message_id=8572 parsed=76.51.
2026-05-12 18:25:15,238 INFO [src.services.telegram_sources] Rate refresh saved: reason=scheduled_aligned_5min nobitex_message_id=200704 nobitex_value=180403 rapira_message_id=8572 rapira_value=76.51 display=2276.
2026-05-12 18:25:15,239 INFO [src.services.telegram_sources] Next aligned rate refresh scheduled in 299.760 seconds.
2026-05-12 18:26:38,530 INFO [src.services.telegram_sources] Rate refresh started: reason=manual_button.
2026-05-12 18:26:38,664 INFO [src.services.telegram_sources] Nobitex source message inspected: message_id=200705 parsed=NobitexAssets(bitcoin_usd=80229, usdt_toman=180500, gold_ounce_usd=4646, oil_usd=Decimal('108.21')).
2026-05-12 18:26:38,729 INFO [src.services.telegram_sources] Rapira source message inspected: message_id=8572 parsed=76.51.
2026-05-12 18:26:38,743 INFO [src.services.telegram_sources] Rate refresh saved: reason=manual_button nobitex_message_id=200705 nobitex_value=180500 rapira_message_id=8572 rapira_value=76.51 display=2278.
2026-05-12 18:26:38,897 INFO [aiogram.event] Update id=905590265 is handled. Duration 375 ms by bot id=8664342943
2026-05-12 18:26:39,590 INFO [src.services.telegram_sources] Rate refresh started: reason=manual_button.
2026-05-12 18:26:39,713 INFO [src.services.telegram_sources] Nobitex source message inspected: message_id=200705 parsed=NobitexAssets(bitcoin_usd=80229, usdt_toman=180500, gold_ounce_usd=4646, oil_usd=Decimal('108.21')).
2026-05-12 18:26:39,783 INFO [src.services.telegram_sources] Rapira source message inspected: message_id=8572 parsed=76.51.
2026-05-12 18:26:39,805 INFO [src.services.telegram_sources] Rate refresh saved: reason=manual_button nobitex_message_id=200705 nobitex_value=180500 rapira_message_id=8572 rapira_value=76.51 display=2278.
2026-05-12 18:26:39,937 INFO [aiogram.event] Update id=905590266 is handled. Duration 344 ms by bot id=8664342943
2026-05-12 18:26:40,884 INFO [src.services.telegram_sources] Rate refresh started: reason=manual_button.
2026-05-12 18:26:41,028 INFO [src.services.telegram_sources] Nobitex source message inspected: message_id=200705 parsed=NobitexAssets(bitcoin_usd=80229, usdt_toman=180500, gold_ounce_usd=4646, oil_usd=Decimal('108.21')).
2026-05-12 18:26:41,129 INFO [src.services.telegram_sources] Rapira source message inspected: message_id=8572 parsed=76.51.
2026-05-12 18:26:41,143 INFO [src.services.telegram_sources] Rate refresh saved: reason=manual_button nobitex_message_id=200705 nobitex_value=180500 rapira_message_id=8572 rapira_value=76.51 display=2278.
2026-05-12 18:26:41,289 INFO [aiogram.event] Update id=905590267 is handled. Duration 406 ms by bot id=8664342943
2026-05-12 18:26:48,288 INFO [src.services.telegram_sources] Rate refresh started: reason=manual_button.
2026-05-12 18:26:48,478 INFO [src.services.telegram_sources] Nobitex source message inspected: message_id=200705 parsed=NobitexAssets(bitcoin_usd=80229, usdt_toman=180500, gold_ounce_usd=4646, oil_usd=Decimal('108.21')).
2026-05-12 18:26:48,599 INFO [src.services.telegram_sources] Rapira source message inspected: message_id=8572 parsed=76.51.
2026-05-12 18:26:48,630 INFO [src.services.telegram_sources] Rate refresh saved: reason=manual_button nobitex_message_id=200705 nobitex_value=180500 rapira_message_id=8572 rapira_value=76.51 display=2278.
2026-05-12 18:26:48,803 INFO [aiogram.event] Update id=905590268 is handled. Duration 515 ms by bot id=8664342943
2026-05-12 18:26:53,363 INFO [src.services.telegram_sources] Rate refresh started: reason=manual_button.
2026-05-12 18:26:53,494 INFO [src.services.telegram_sources] Nobitex source message inspected: message_id=200705 parsed=NobitexAssets(bitcoin_usd=80229, usdt_toman=180500, gold_ounce_usd=4646, oil_usd=Decimal('108.21')).
2026-05-12 18:26:53,613 INFO [src.services.telegram_sources] Rapira source message inspected: message_id=8572 parsed=76.51.
2026-05-12 18:26:53,630 INFO [src.services.telegram_sources] Rate refresh saved: reason=manual_button nobitex_message_id=200705 nobitex_value=180500 rapira_message_id=8572 rapira_value=76.51 display=2278.
2026-05-12 18:26:53,768 INFO [aiogram.event] Update id=905590269 is handled. Duration 390 ms by bot id=8664342943
2026-05-12 18:30:15,007 INFO [src.services.telegram_sources] Rate refresh started: reason=scheduled_aligned_5min.
2026-05-12 18:30:15,171 INFO [src.services.telegram_sources] Nobitex source message inspected: message_id=200705 parsed=NobitexAssets(bitcoin_usd=80229, usdt_toman=180500, gold_ounce_usd=4646, oil_usd=Decimal('108.21')).
2026-05-12 18:30:15,264 INFO [src.services.telegram_sources] Rapira source message inspected: message_id=8572 parsed=76.51.
2026-05-12 18:30:15,288 INFO [src.services.telegram_sources] Rate refresh saved: reason=scheduled_aligned_5min nobitex_message_id=200705 nobitex_value=180500 rapira_message_id=8572 rapira_value=76.51 display=2278.
2026-05-12 18:30:15,289 INFO [src.services.telegram_sources] Next aligned rate refresh scheduled in 299.710 seconds.
2026-05-12 18:35:15,003 INFO [src.services.telegram_sources] Rate refresh started: reason=scheduled_aligned_5min.
2026-05-12 18:35:15,125 INFO [src.services.telegram_sources] Nobitex source message inspected: message_id=200706 parsed=NobitexAssets(bitcoin_usd=80203, usdt_toman=180700, gold_ounce_usd=4657, oil_usd=Decimal('108.24')).
2026-05-12 18:35:15,202 INFO [src.services.telegram_sources] Rapira source message inspected: message_id=8572 parsed=76.51.
2026-05-12 18:35:15,231 INFO [src.services.telegram_sources] Rate refresh saved: reason=scheduled_aligned_5min nobitex_message_id=200706 nobitex_value=180700 rapira_message_id=8572 rapira_value=76.51 display=2280.
2026-05-12 18:35:15,232 INFO [src.services.telegram_sources] Next aligned rate refresh scheduled in 299.768 seconds.
2026-05-12 18:35:51,793 INFO [telethon.client.updates] Got difference for channel 2370911206 updates
2026-05-12 18:35:51,869 INFO [telethon.client.updates] Got difference for channel 2490046663 updates
